

Started GET "/rails/info/properties" for 127.0.0.1 at 2011-05-31 14:17:10 -0700
  Processing by Rails::InfoController#properties as HTML
  [1m[36mSQL (1.7ms)[0m  [1m SELECT name
 FROM sqlite_master
 WHERE type = 'table' AND NOT name = 'sqlite_sequence'
[0m
Rendered inline template (1.2ms)
Completed 200 OK in 183ms (Views: 3.8ms | ActiveRecord: 1.7ms)


Started GET "/rails/info/properties" for 127.0.0.1 at 2011-05-31 14:17:14 -0700
  Processing by Rails::InfoController#properties as HTML
Rendered inline template (0.9ms)
Completed 200 OK in 3ms (Views: 2.3ms | ActiveRecord: 0.0ms)


Started GET "/pages/home" for 127.0.0.1 at 2011-05-31 14:22:19 -0700
  Processing by PagesController#home as HTML
Rendered pages/home.html.erb within layouts/application (11.1ms)
Completed 200 OK in 25ms (Views: 24.3ms | ActiveRecord: 0.0ms)


Started GET "/pages/about" for 127.0.0.1 at 2011-05-31 14:22:25 -0700

ActionController::RoutingError (No route matches "/pages/about"):
  

Rendered /Users/mdavis/.rvm/gems/ruby-1.9.2-p180@rails3tutorial/gems/actionpack-3.0.1/lib/action_dispatch/middleware/templates/rescues/routing_error.erb within rescues/layout (2.8ms)


Started GET "/pages/contact" for 127.0.0.1 at 2011-05-31 14:22:29 -0700
  Processing by PagesController#contact as HTML
Rendered pages/contact.html.erb within layouts/application (4.8ms)
Completed 200 OK in 18ms (Views: 16.6ms | ActiveRecord: 0.0ms)
